<?xml version="1.0" encoding="UTF-8"?>
<testng-results skipped="0" failed="0" ignored="0" total="2" passed="2">
  <reporter-output>
  </reporter-output>
  <suite name="All Suite" duration-ms="17106" started-at="2023-01-30T09:12:44Z" finished-at="2023-01-30T09:13:01Z">
    <groups>
    </groups>
    <test name="Google Test" duration-ms="11817" started-at="2023-01-30T09:12:44Z" finished-at="2023-01-30T09:12:56Z">
      <class name="a1_googleTest.A1_GoogleTest">
        <test-method status="PASS" signature="verifyGooglePage()[pri:0, instance:a1_googleTest.A1_GoogleTest@192b07fd]" name="verifyGooglePage" duration-ms="11776" started-at="2023-01-30T14:42:44Z" finished-at="2023-01-30T14:42:56Z">
          <reporter-output>
          </reporter-output>
        </test-method> <!-- verifyGooglePage -->
      </class> <!-- a1_googleTest.A1_GoogleTest -->
    </test> <!-- Google Test -->
    <test name="Bing Test" duration-ms="5269" started-at="2023-01-30T09:12:56Z" finished-at="2023-01-30T09:13:01Z">
      <class name="a2_bingTest.A1_BingTest">
        <test-method status="PASS" signature="verifyGooglePge()[pri:0, instance:a2_bingTest.A1_BingTest@6b09bb57]" name="verifyGooglePge" duration-ms="5268" started-at="2023-01-30T14:42:56Z" finished-at="2023-01-30T14:43:01Z">
          <reporter-output>
          </reporter-output>
        </test-method> <!-- verifyGooglePge -->
      </class> <!-- a2_bingTest.A1_BingTest -->
    </test> <!-- Bing Test -->
  </suite> <!-- All Suite -->
</testng-results>
